2026-06-19T09:02:17.315Z Workday: acehardware - 500 - Internal Server Error
2026-06-19T09:02:19.224Z Lever: anysignal - 404 - Not Found
2026-06-19T09:02:38.417Z Workday: cliftonlarsonallen - 422 - Unprocessable Entity
2026-06-19T09:02:48.822Z Workday: elkay - 500 - Internal Server Error
2026-06-19T09:02:49.813Z Lever: ethereumfoundation - 404 - Not Found
2026-06-19T09:02:58.771Z Workday: geico - 500 - Internal Server Error
2026-06-19T09:03:06.170Z Workday: kar - 422 - Unprocessable Entity
2026-06-19T09:03:13.994Z Workday: itron - 502 - Bad Gateway
2026-06-19T09:03:16.021Z Workday: nordstrom - 500 - Internal Server Error
2026-06-19T09:03:16.303Z Workday: osv-rubicon - 422 - Unprocessable Entity
2026-06-19T09:03:16.752Z Workday: osv-tifec - 422 - Unprocessable Entity
2026-06-19T09:03:17.970Z Workday: plexus - 422 - Unprocessable Entity
2026-06-19T09:03:21.462Z Workday: regions - 500 - Internal Server Error
2026-06-19T09:03:29.693Z Workday: symbotic - 422 - Unprocessable Entity
2026-06-19T09:03:33.522Z Workday: truist - 500 - Internal Server Error
2026-06-19T09:03:33.904Z Lever: tamr - 404 - Not Found
2026-06-19T09:03:35.823Z Lever: uncountable - 404 - Not Found
2026-06-19T09:03:42.322Z Workday: vhr-otsuka - 422 - Unprocessable Entity
2026-06-19T09:03:42.491Z Workday: vhr-genband - 422 - Unprocessable Entity
2026-06-19T09:03:42.763Z Workday: walmart - 410 - Gone
2026-06-19T10:13:23.043Z Workday: acehardware - 500 - Internal Server Error
2026-06-19T10:13:24.848Z Lever: anysignal - 404 - Not Found
2026-06-19T10:13:39.618Z Workday: cliftonlarsonallen - 422 - Unprocessable Entity
2026-06-19T10:13:51.077Z Workday: elkay - 500 - Internal Server Error
2026-06-19T10:13:52.153Z Lever: ethereumfoundation - 404 - Not Found
2026-06-19T10:14:02.346Z Workday: geico - 500 - Internal Server Error
2026-06-19T10:14:09.370Z Greenhouse: jobs - 404 - Not Found
2026-06-19T10:14:11.030Z Workday: kar - 422 - Unprocessable Entity
2026-06-19T10:14:28.866Z Workday: nordstrom - 500 - Internal Server Error
2026-06-19T10:14:29.856Z Workday: osv-rubicon - 422 - Unprocessable Entity
2026-06-19T10:14:29.897Z Workday: osv-tifec - 422 - Unprocessable Entity
2026-06-19T10:14:31.685Z Workday: plexus - 422 - Unprocessable Entity
2026-06-19T10:14:36.560Z Workday: regions - 500 - Internal Server Error
2026-06-19T10:14:46.350Z Workday: symbotic - 422 - Unprocessable Entity
2026-06-19T10:14:46.524Z Lever: tamr - 404 - Not Found
2026-06-19T10:14:51.085Z Lever: uncountable - 404 - Not Found
2026-06-19T10:14:51.707Z Workday: truist - 500 - Internal Server Error
2026-06-19T10:14:54.214Z Workday: vhr-genband - 422 - Unprocessable Entity
2026-06-19T10:14:54.373Z Workday: vhr-otsuka - 422 - Unprocessable Entity
2026-06-19T10:14:56.084Z Workday: walmart - 410 - Gone
2026-06-19T10:45:10.481Z Workday: acehardware - 500 - Internal Server Error
2026-06-19T10:45:13.097Z Lever: anysignal - 404 - Not Found
2026-06-19T10:45:23.738Z Workday: cliftonlarsonallen - 422 - Unprocessable Entity
2026-06-19T10:45:35.084Z Workday: elkay - 500 - Internal Server Error
2026-06-19T10:45:36.179Z Lever: ethereumfoundation - 404 - Not Found
2026-06-19T10:45:45.802Z Workday: geico - 500 - Internal Server Error
2026-06-19T10:45:52.130Z Greenhouse: jobs - 404 - Not Found
2026-06-19T10:45:53.099Z Workday: kar - 422 - Unprocessable Entity
2026-06-19T10:46:02.010Z Workday: nordstrom - 500 - Internal Server Error
2026-06-19T10:46:03.840Z Workday: osv-rubicon - 422 - Unprocessable Entity
2026-06-19T10:46:03.861Z Workday: osv-tifec - 422 - Unprocessable Entity
2026-06-19T10:46:04.860Z Workday: plexus - 422 - Unprocessable Entity
2026-06-19T10:46:07.814Z Workday: regions - 500 - Internal Server Error
2026-06-19T10:46:14.609Z Lever: tamr - 404 - Not Found
2026-06-19T10:46:15.127Z Workday: symbotic - 422 - Unprocessable Entity
2026-06-19T10:46:17.742Z Lever: uncountable - 404 - Not Found
2026-06-19T10:46:18.510Z Workday: truist - 500 - Internal Server Error
2026-06-19T10:46:20.042Z Workday: vhr-genband - 422 - Unprocessable Entity
2026-06-19T10:46:20.173Z Workday: vhr-otsuka - 422 - Unprocessable Entity
2026-06-19T10:46:20.957Z Workday: walmart - 410 - Gone
2026-06-19T10:57:36.694Z Workday: acehardware - 500 - Internal Server Error
2026-06-19T10:57:39.352Z Lever: anysignal - 404 - Not Found
2026-06-19T10:57:48.749Z Workday: cliftonlarsonallen - 422 - Unprocessable Entity
2026-06-19T10:57:58.484Z Workday: elkay - 500 - Internal Server Error
2026-06-19T10:57:59.297Z Lever: ethereumfoundation - 404 - Not Found
2026-06-19T10:58:08.436Z Workday: geico - 500 - Internal Server Error
2026-06-19T10:58:14.071Z Greenhouse: jobs - 404 - Not Found
2026-06-19T10:58:14.962Z Workday: kar - 422 - Unprocessable Entity
2026-06-19T10:58:23.085Z Workday: nordstrom - 500 - Internal Server Error
2026-06-19T10:58:23.880Z Workday: osv-rubicon - 422 - Unprocessable Entity
2026-06-19T10:58:23.880Z Workday: osv-tifec - 422 - Unprocessable Entity
2026-06-19T10:58:24.922Z Workday: plexus - 422 - Unprocessable Entity
2026-06-19T10:58:28.253Z Workday: regions - 500 - Internal Server Error
2026-06-19T10:58:35.281Z Lever: tamr - 404 - Not Found
2026-06-19T10:58:35.310Z Workday: symbotic - 422 - Unprocessable Entity
2026-06-19T10:58:38.553Z Lever: uncountable - 404 - Not Found
2026-06-19T10:58:39.607Z Workday: truist - 500 - Internal Server Error
2026-06-19T10:58:40.818Z Workday: vhr-otsuka - 422 - Unprocessable Entity
2026-06-19T10:58:40.953Z Workday: vhr-genband - 422 - Unprocessable Entity
2026-06-19T10:58:41.700Z Workday: walmart - 410 - Gone
